[debug] [2025-05-15T20:40:07.302Z] ----------------------------------------------------------------------
[debug] [2025-05-15T20:40:07.308Z] Command:       /opt/homebrew/Cellar/node/23.3.0/bin/node /opt/homebrew/bin/firebase deploy
[debug] [2025-05-15T20:40:07.308Z] CLI Version:   14.3.1
[debug] [2025-05-15T20:40:07.308Z] Platform:      darwin
[debug] [2025-05-15T20:40:07.308Z] Node Version:  v23.3.0
[debug] [2025-05-15T20:40:07.309Z] Time:          Thu May 15 2025 13:40:07 GMT-0700 (Pacific Daylight Time)
[debug] [2025-05-15T20:40:07.309Z] ----------------------------------------------------------------------
[debug] 
[debug] [2025-05-15T20:40:07.392Z] > command requires scopes: ["email","openid","https://www.googleapis.com/auth/cloudplatformprojects.readonly","https://www.googleapis.com/auth/firebase","https://www.googleapis.com/auth/cloud-platform"]
[debug] [2025-05-15T20:40:07.392Z] > authorizing via signed-in user (davidconrad@google.com)
[debug] [2025-05-15T20:40:07.392Z] [iam] checking project anadromous for permissions ["firebase.projects.get","firebasehosting.sites.update"]
[debug] [2025-05-15T20:40:07.392Z] Checked if tokens are valid: true, expires at: 1747345013648
[debug] [2025-05-15T20:40:07.392Z] Checked if tokens are valid: true, expires at: 1747345013648
[debug] [2025-05-15T20:40:07.393Z] >>> [apiv2][query] POST https://cloudresourcemanager.googleapis.com/v1/projects/anadromous:testIamPermissions [none]
[debug] [2025-05-15T20:40:07.393Z] >>> [apiv2][(partial)header] POST https://cloudresourcemanager.googleapis.com/v1/projects/anadromous:testIamPermissions x-goog-quota-user=projects/anadromous
[debug] [2025-05-15T20:40:07.393Z] >>> [apiv2][body] POST https://cloudresourcemanager.googleapis.com/v1/projects/anadromous:testIamPermissions {"permissions":["firebase.projects.get","firebasehosting.sites.update"]}
[debug] [2025-05-15T20:40:07.514Z] <<< [apiv2][status] POST https://cloudresourcemanager.googleapis.com/v1/projects/anadromous:testIamPermissions 200
[debug] [2025-05-15T20:40:07.514Z] <<< [apiv2][body] POST https://cloudresourcemanager.googleapis.com/v1/projects/anadromous:testIamPermissions {"permissions":["firebase.projects.get","firebasehosting.sites.update"]}
[debug] [2025-05-15T20:40:07.514Z] Checked if tokens are valid: true, expires at: 1747345013648
[debug] [2025-05-15T20:40:07.514Z] Checked if tokens are valid: true, expires at: 1747345013648
[debug] [2025-05-15T20:40:07.515Z] >>> [apiv2][query] GET https://firebase.googleapis.com/v1beta1/projects/anadromous [none]
[debug] [2025-05-15T20:40:07.983Z] <<< [apiv2][status] GET https://firebase.googleapis.com/v1beta1/projects/anadromous 404
[debug] [2025-05-15T20:40:07.983Z] <<< [apiv2][body] GET https://firebase.googleapis.com/v1beta1/projects/anadromous {"error":{"code":404,"message":"Requested entity was not found.","status":"NOT_FOUND","details":[{"@type":"type.googleapis.com/google.rpc.DebugInfo","detail":"4"}]}}
[debug] [2025-05-15T20:40:07.985Z] Couldn't get project info from firedata for anadromous, trying resource manager. Original error: FirebaseError: Request to https://firebase.googleapis.com/v1beta1/projects/anadromous had HTTP Error: 404, Requested entity was not found.
[debug] [2025-05-15T20:40:07.985Z] Checked if tokens are valid: true, expires at: 1747345013648
[debug] [2025-05-15T20:40:07.985Z] Checked if tokens are valid: true, expires at: 1747345013648
[debug] [2025-05-15T20:40:07.985Z] >>> [apiv2][query] GET https://serviceusage.googleapis.com/v1/projects/anadromous/services/cloudresourcemanager.googleapis.com [none]
[debug] [2025-05-15T20:40:07.986Z] >>> [apiv2][(partial)header] GET https://serviceusage.googleapis.com/v1/projects/anadromous/services/cloudresourcemanager.googleapis.com x-goog-quota-user=projects/anadromous
[debug] [2025-05-15T20:40:08.542Z] <<< [apiv2][status] GET https://serviceusage.googleapis.com/v1/projects/anadromous/services/cloudresourcemanager.googleapis.com 200
[debug] [2025-05-15T20:40:08.542Z] <<< [apiv2][body] GET https://serviceusage.googleapis.com/v1/projects/anadromous/services/cloudresourcemanager.googleapis.com [omitted]
[debug] [2025-05-15T20:40:08.542Z] Checked if tokens are valid: true, expires at: 1747345013648
[debug] [2025-05-15T20:40:08.542Z] Checked if tokens are valid: true, expires at: 1747345013648
[debug] [2025-05-15T20:40:08.543Z] >>> [apiv2][query] GET https://cloudresourcemanager.googleapis.com/v1/projects/anadromous [none]
[debug] [2025-05-15T20:40:08.645Z] <<< [apiv2][status] GET https://cloudresourcemanager.googleapis.com/v1/projects/anadromous 200
[debug] [2025-05-15T20:40:08.645Z] <<< [apiv2][body] GET https://cloudresourcemanager.googleapis.com/v1/projects/anadromous {"projectNumber":"57691257187","projectId":"anadromous","lifecycleState":"ACTIVE","name":"anadromous","createTime":"2025-05-15T20:01:29.875508Z","parent":{"type":"folder","id":"1022135126861"}}
[debug] [2025-05-15T20:40:08.645Z] the default site does not exist on the Firebase project; asking Hosting.
[debug] [2025-05-15T20:40:08.645Z] Checked if tokens are valid: true, expires at: 1747345013648
[debug] [2025-05-15T20:40:08.645Z] Checked if tokens are valid: true, expires at: 1747345013648
[debug] [2025-05-15T20:40:08.645Z] >>> [apiv2][query] GET https://firebasehosting.googleapis.com/v1beta1/projects/anadromous/sites pageToken=&pageSize=10
[debug] [2025-05-15T20:40:09.499Z] <<< [apiv2][status] GET https://firebasehosting.googleapis.com/v1beta1/projects/anadromous/sites 200
[debug] [2025-05-15T20:40:09.500Z] <<< [apiv2][body] GET https://firebasehosting.googleapis.com/v1beta1/projects/anadromous/sites {}
[info] i  No Hosting site detected. 
[debug] [2025-05-15T20:40:09.501Z] Checked if tokens are valid: true, expires at: 1747345013648
[debug] [2025-05-15T20:40:09.501Z] Checked if tokens are valid: true, expires at: 1747345013648
[debug] [2025-05-15T20:40:09.501Z] >>> [apiv2][query] GET https://serviceusage.googleapis.com/v1/projects/anadromous/services/cloudresourcemanager.googleapis.com [none]
[debug] [2025-05-15T20:40:09.501Z] >>> [apiv2][(partial)header] GET https://serviceusage.googleapis.com/v1/projects/anadromous/services/cloudresourcemanager.googleapis.com x-goog-quota-user=projects/anadromous
[debug] [2025-05-15T20:40:09.819Z] <<< [apiv2][status] GET https://serviceusage.googleapis.com/v1/projects/anadromous/services/cloudresourcemanager.googleapis.com 200
[debug] [2025-05-15T20:40:09.819Z] <<< [apiv2][body] GET https://serviceusage.googleapis.com/v1/projects/anadromous/services/cloudresourcemanager.googleapis.com [omitted]
[debug] [2025-05-15T20:40:09.819Z] Checked if tokens are valid: true, expires at: 1747345013648
[debug] [2025-05-15T20:40:09.819Z] Checked if tokens are valid: true, expires at: 1747345013648
[debug] [2025-05-15T20:40:09.819Z] >>> [apiv2][query] GET https://cloudresourcemanager.googleapis.com/v1/projects/anadromous [none]
[debug] [2025-05-15T20:40:09.923Z] <<< [apiv2][status] GET https://cloudresourcemanager.googleapis.com/v1/projects/anadromous 200
[debug] [2025-05-15T20:40:09.923Z] <<< [apiv2][body] GET https://cloudresourcemanager.googleapis.com/v1/projects/anadromous {"projectNumber":"57691257187","projectId":"anadromous","lifecycleState":"ACTIVE","name":"anadromous","createTime":"2025-05-15T20:01:29.875508Z","parent":{"type":"folder","id":"1022135126861"}}
[debug] [2025-05-15T20:40:09.924Z] Checked if tokens are valid: true, expires at: 1747345013648
[debug] [2025-05-15T20:40:09.924Z] Checked if tokens are valid: true, expires at: 1747345013648
[debug] [2025-05-15T20:40:09.924Z] >>> [apiv2][query] POST https://firebasehosting.googleapis.com/v1beta1/projects/57691257187/sites siteId=anadromous&validateOnly=true
[debug] [2025-05-15T20:40:09.924Z] >>> [apiv2][body] POST https://firebasehosting.googleapis.com/v1beta1/projects/57691257187/sites {"appId":""}
[debug] [2025-05-15T20:40:10.831Z] <<< [apiv2][status] POST https://firebasehosting.googleapis.com/v1beta1/projects/57691257187/sites 200
[debug] [2025-05-15T20:40:10.831Z] <<< [apiv2][body] POST https://firebasehosting.googleapis.com/v1beta1/projects/57691257187/sites {"name":"projects/57691257187/sites/anadromous","defaultUrl":"https://anadromous.web.app","type":"DEFAULT_SITE"}
[debug] [2025-05-15T20:40:25.563Z] ExitPromptError: User force closed the prompt with SIGINT
    at Interface.sigint (/opt/homebrew/lib/node_modules/firebase-tools/node_modules/@inquirer/core/dist/commonjs/lib/create-prompt.js:100:37)
    at Interface.emit (node:events:513:28)
    at Interface.emit (node:domain:489:12)
    at [_ttyWrite] [as _ttyWrite] (node:internal/readline/interface:1125:18)
    at ReadStream.onkeypress (node:internal/readline/interface:264:20)
    at ReadStream.emit (node:events:525:35)
    at ReadStream.emit (node:domain:489:12)
    at emitKeys (node:internal/readline/utils:370:14)
    at emitKeys.next (<anonymous>)
    at ReadStream.onData (node:internal/readline/emitKeypressEvents:64:36)
[error] 
[error] Error: An unexpected error has occurred.
[debug] [2025-05-15T20:40:32.436Z] ----------------------------------------------------------------------
[debug] [2025-05-15T20:40:32.438Z] Command:       /opt/homebrew/Cellar/node/23.3.0/bin/node /opt/homebrew/bin/firebase init
[debug] [2025-05-15T20:40:32.438Z] CLI Version:   14.3.1
[debug] [2025-05-15T20:40:32.438Z] Platform:      darwin
[debug] [2025-05-15T20:40:32.438Z] Node Version:  v23.3.0
[debug] [2025-05-15T20:40:32.438Z] Time:          Thu May 15 2025 13:40:32 GMT-0700 (Pacific Daylight Time)
[debug] [2025-05-15T20:40:32.439Z] ----------------------------------------------------------------------
[debug] 
[debug] [2025-05-15T20:40:32.508Z] > command requires scopes: ["email","openid","https://www.googleapis.com/auth/cloudplatformprojects.readonly","https://www.googleapis.com/auth/firebase","https://www.googleapis.com/auth/cloud-platform"]
[debug] [2025-05-15T20:40:32.508Z] > authorizing via signed-in user (davidconrad@google.com)
[info] 
     ######## #### ########  ######## ########     ###     ######  ########
     ##        ##  ##     ## ##       ##     ##  ##   ##  ##       ##
     ######    ##  ########  ######   ########  #########  ######  ######
     ##        ##  ##    ##  ##       ##     ## ##     ##       ## ##
     ##       #### ##     ## ######## ########  ##     ##  ######  ########

You're about to initialize a Firebase project in this directory:

  /Users/davidconrad/Documents/projects/anadromous/anadromous

Before we get started, keep in mind:

  * You are initializing within an existing Firebase project directory

[info] 
=== Project Setup
[info] 
[info] First, let's associate this project directory with a Firebase project.
[info] You can create multiple project aliases by running firebase use --add, 
[info] but for now we'll just set up a default project.
[info] 
[debug] [2025-05-15T20:40:44.768Z] Using project from CLI flag: anadromous
[debug] [2025-05-15T20:40:44.770Z] Checked if tokens are valid: true, expires at: 1747345013648
[debug] [2025-05-15T20:40:44.770Z] Checked if tokens are valid: true, expires at: 1747345013648
[debug] [2025-05-15T20:40:44.771Z] >>> [apiv2][query] GET https://firebase.googleapis.com/v1beta1/projects/anadromous [none]
[debug] [2025-05-15T20:40:45.250Z] <<< [apiv2][status] GET https://firebase.googleapis.com/v1beta1/projects/anadromous 404
[debug] [2025-05-15T20:40:45.251Z] <<< [apiv2][body] GET https://firebase.googleapis.com/v1beta1/projects/anadromous {"error":{"code":404,"message":"Requested entity was not found.","status":"NOT_FOUND","details":[{"@type":"type.googleapis.com/google.rpc.DebugInfo","detail":"4"}]}}
[debug] [2025-05-15T20:40:45.252Z] Couldn't get project info from firedata for anadromous, trying resource manager. Original error: FirebaseError: Request to https://firebase.googleapis.com/v1beta1/projects/anadromous had HTTP Error: 404, Requested entity was not found.
[debug] [2025-05-15T20:40:45.253Z] Checked if tokens are valid: true, expires at: 1747345013648
[debug] [2025-05-15T20:40:45.253Z] Checked if tokens are valid: true, expires at: 1747345013648
[debug] [2025-05-15T20:40:45.253Z] >>> [apiv2][query] GET https://serviceusage.googleapis.com/v1/projects/anadromous/services/cloudresourcemanager.googleapis.com [none]
[debug] [2025-05-15T20:40:45.253Z] >>> [apiv2][(partial)header] GET https://serviceusage.googleapis.com/v1/projects/anadromous/services/cloudresourcemanager.googleapis.com x-goog-quota-user=projects/anadromous
[debug] [2025-05-15T20:40:45.739Z] <<< [apiv2][status] GET https://serviceusage.googleapis.com/v1/projects/anadromous/services/cloudresourcemanager.googleapis.com 200
[debug] [2025-05-15T20:40:45.740Z] <<< [apiv2][body] GET https://serviceusage.googleapis.com/v1/projects/anadromous/services/cloudresourcemanager.googleapis.com [omitted]
[debug] [2025-05-15T20:40:45.741Z] Checked if tokens are valid: true, expires at: 1747345013648
[debug] [2025-05-15T20:40:45.741Z] Checked if tokens are valid: true, expires at: 1747345013648
[debug] [2025-05-15T20:40:45.741Z] >>> [apiv2][query] GET https://cloudresourcemanager.googleapis.com/v1/projects/anadromous [none]
[debug] [2025-05-15T20:40:45.904Z] <<< [apiv2][status] GET https://cloudresourcemanager.googleapis.com/v1/projects/anadromous 200
[debug] [2025-05-15T20:40:45.904Z] <<< [apiv2][body] GET https://cloudresourcemanager.googleapis.com/v1/projects/anadromous {"projectNumber":"57691257187","projectId":"anadromous","lifecycleState":"ACTIVE","name":"anadromous","createTime":"2025-05-15T20:01:29.875508Z","parent":{"type":"folder","id":"1022135126861"}}
[info] i  Using project anadromous 
[info] 
=== Hosting Setup
[debug] [2025-05-15T20:40:45.912Z] Checked if tokens are valid: true, expires at: 1747345013648
[debug] [2025-05-15T20:40:45.912Z] Checked if tokens are valid: true, expires at: 1747345013648
[debug] [2025-05-15T20:40:45.912Z] >>> [apiv2][query] GET https://firebase.googleapis.com/v1beta1/projects/anadromous [none]
[debug] [2025-05-15T20:40:46.211Z] <<< [apiv2][status] GET https://firebase.googleapis.com/v1beta1/projects/anadromous 404
[debug] [2025-05-15T20:40:46.211Z] <<< [apiv2][body] GET https://firebase.googleapis.com/v1beta1/projects/anadromous {"error":{"code":404,"message":"Requested entity was not found.","status":"NOT_FOUND","details":[{"@type":"type.googleapis.com/google.rpc.DebugInfo","detail":"4"}]}}
[debug] [2025-05-15T20:40:46.212Z] Couldn't get project info from firedata for anadromous, trying resource manager. Original error: FirebaseError: Request to https://firebase.googleapis.com/v1beta1/projects/anadromous had HTTP Error: 404, Requested entity was not found.
[debug] [2025-05-15T20:40:46.212Z] Checked if tokens are valid: true, expires at: 1747345013648
[debug] [2025-05-15T20:40:46.212Z] Checked if tokens are valid: true, expires at: 1747345013648
[debug] [2025-05-15T20:40:46.212Z] >>> [apiv2][query] GET https://serviceusage.googleapis.com/v1/projects/anadromous/services/cloudresourcemanager.googleapis.com [none]
[debug] [2025-05-15T20:40:46.212Z] >>> [apiv2][(partial)header] GET https://serviceusage.googleapis.com/v1/projects/anadromous/services/cloudresourcemanager.googleapis.com x-goog-quota-user=projects/anadromous
[debug] [2025-05-15T20:40:46.749Z] <<< [apiv2][status] GET https://serviceusage.googleapis.com/v1/projects/anadromous/services/cloudresourcemanager.googleapis.com 200
[debug] [2025-05-15T20:40:46.749Z] <<< [apiv2][body] GET https://serviceusage.googleapis.com/v1/projects/anadromous/services/cloudresourcemanager.googleapis.com [omitted]
[debug] [2025-05-15T20:40:46.749Z] Checked if tokens are valid: true, expires at: 1747345013648
[debug] [2025-05-15T20:40:46.749Z] Checked if tokens are valid: true, expires at: 1747345013648
[debug] [2025-05-15T20:40:46.749Z] >>> [apiv2][query] GET https://cloudresourcemanager.googleapis.com/v1/projects/anadromous [none]
[debug] [2025-05-15T20:40:46.860Z] <<< [apiv2][status] GET https://cloudresourcemanager.googleapis.com/v1/projects/anadromous 200
[debug] [2025-05-15T20:40:46.860Z] <<< [apiv2][body] GET https://cloudresourcemanager.googleapis.com/v1/projects/anadromous {"projectNumber":"57691257187","projectId":"anadromous","lifecycleState":"ACTIVE","name":"anadromous","createTime":"2025-05-15T20:01:29.875508Z","parent":{"type":"folder","id":"1022135126861"}}
[debug] [2025-05-15T20:40:46.860Z] the default site does not exist on the Firebase project; asking Hosting.
[debug] [2025-05-15T20:40:46.861Z] Checked if tokens are valid: true, expires at: 1747345013648
[debug] [2025-05-15T20:40:46.861Z] Checked if tokens are valid: true, expires at: 1747345013648
[debug] [2025-05-15T20:40:46.861Z] >>> [apiv2][query] GET https://firebasehosting.googleapis.com/v1beta1/projects/anadromous/sites pageToken=&pageSize=10
[debug] [2025-05-15T20:40:47.639Z] <<< [apiv2][status] GET https://firebasehosting.googleapis.com/v1beta1/projects/anadromous/sites 200
[debug] [2025-05-15T20:40:47.639Z] <<< [apiv2][body] GET https://firebasehosting.googleapis.com/v1beta1/projects/anadromous/sites {}
[debug] [2025-05-15T20:40:58.295Z] Checked if tokens are valid: true, expires at: 1747345013648
[debug] [2025-05-15T20:40:58.295Z] Checked if tokens are valid: true, expires at: 1747345013648
[debug] [2025-05-15T20:40:58.295Z] >>> [apiv2][query] GET https://serviceusage.googleapis.com/v1/projects/anadromous/services/cloudresourcemanager.googleapis.com [none]
[debug] [2025-05-15T20:40:58.295Z] >>> [apiv2][(partial)header] GET https://serviceusage.googleapis.com/v1/projects/anadromous/services/cloudresourcemanager.googleapis.com x-goog-quota-user=projects/anadromous
[debug] [2025-05-15T20:40:58.546Z] <<< [apiv2][status] GET https://serviceusage.googleapis.com/v1/projects/anadromous/services/cloudresourcemanager.googleapis.com 200
[debug] [2025-05-15T20:40:58.547Z] <<< [apiv2][body] GET https://serviceusage.googleapis.com/v1/projects/anadromous/services/cloudresourcemanager.googleapis.com [omitted]
[debug] [2025-05-15T20:40:58.547Z] Checked if tokens are valid: true, expires at: 1747345013648
[debug] [2025-05-15T20:40:58.547Z] Checked if tokens are valid: true, expires at: 1747345013648
[debug] [2025-05-15T20:40:58.547Z] >>> [apiv2][query] GET https://cloudresourcemanager.googleapis.com/v1/projects/anadromous [none]
[debug] [2025-05-15T20:40:58.725Z] <<< [apiv2][status] GET https://cloudresourcemanager.googleapis.com/v1/projects/anadromous 200
[debug] [2025-05-15T20:40:58.726Z] <<< [apiv2][body] GET https://cloudresourcemanager.googleapis.com/v1/projects/anadromous {"projectNumber":"57691257187","projectId":"anadromous","lifecycleState":"ACTIVE","name":"anadromous","createTime":"2025-05-15T20:01:29.875508Z","parent":{"type":"folder","id":"1022135126861"}}
[debug] [2025-05-15T20:40:58.727Z] Checked if tokens are valid: true, expires at: 1747345013648
[debug] [2025-05-15T20:40:58.727Z] Checked if tokens are valid: true, expires at: 1747345013648
[debug] [2025-05-15T20:40:58.727Z] >>> [apiv2][query] POST https://firebasehosting.googleapis.com/v1beta1/projects/57691257187/sites siteId=anadromous&validateOnly=true
[debug] [2025-05-15T20:40:58.727Z] >>> [apiv2][body] POST https://firebasehosting.googleapis.com/v1beta1/projects/57691257187/sites {"appId":""}
[debug] [2025-05-15T20:40:59.847Z] <<< [apiv2][status] POST https://firebasehosting.googleapis.com/v1beta1/projects/57691257187/sites 200
[debug] [2025-05-15T20:40:59.847Z] <<< [apiv2][body] POST https://firebasehosting.googleapis.com/v1beta1/projects/57691257187/sites {"name":"projects/57691257187/sites/anadromous","defaultUrl":"https://anadromous.web.app","type":"DEFAULT_SITE"}
[debug] [2025-05-15T20:41:08.582Z] Checked if tokens are valid: true, expires at: 1747345013648
[debug] [2025-05-15T20:41:08.583Z] Checked if tokens are valid: true, expires at: 1747345013648
[debug] [2025-05-15T20:41:08.583Z] >>> [apiv2][query] POST https://firebasehosting.googleapis.com/v1beta1/projects/57691257187/sites siteId=anadromous
[debug] [2025-05-15T20:41:08.583Z] >>> [apiv2][body] POST https://firebasehosting.googleapis.com/v1beta1/projects/57691257187/sites {"appId":""}
[debug] [2025-05-15T20:41:09.634Z] <<< [apiv2][status] POST https://firebasehosting.googleapis.com/v1beta1/projects/57691257187/sites 404
[debug] [2025-05-15T20:41:09.634Z] <<< [apiv2][body] POST https://firebasehosting.googleapis.com/v1beta1/projects/57691257187/sites {"error":{"code":404,"message":"Requested entity was not found.","status":"NOT_FOUND","details":[{"@type":"type.googleapis.com/google.rpc.DebugInfo","detail":"4"}]}}
[warn] ⚠  Request to https://firebasehosting.googleapis.com/v1beta1/projects/57691257187/sites?siteId=anadromous had HTTP Error: 404, Requested entity was not found. 
[debug] [2025-05-15T20:42:00.896Z] Checked if tokens are valid: true, expires at: 1747345013648
[debug] [2025-05-15T20:42:00.897Z] Checked if tokens are valid: true, expires at: 1747345013648
[debug] [2025-05-15T20:42:00.897Z] >>> [apiv2][query] POST https://firebasehosting.googleapis.com/v1beta1/projects/57691257187/sites siteId=anadromous-0123456789
[debug] [2025-05-15T20:42:00.897Z] >>> [apiv2][body] POST https://firebasehosting.googleapis.com/v1beta1/projects/57691257187/sites {"appId":""}
[debug] [2025-05-15T20:42:02.088Z] <<< [apiv2][status] POST https://firebasehosting.googleapis.com/v1beta1/projects/57691257187/sites 404
[debug] [2025-05-15T20:42:02.088Z] <<< [apiv2][body] POST https://firebasehosting.googleapis.com/v1beta1/projects/57691257187/sites {"error":{"code":404,"message":"Requested entity was not found.","status":"NOT_FOUND","details":[{"@type":"type.googleapis.com/google.rpc.DebugInfo","detail":"4"}]}}
[warn] ⚠  Request to https://firebasehosting.googleapis.com/v1beta1/projects/57691257187/sites?siteId=anadromous-0123456789 had HTTP Error: 404, Requested entity was not found. 
[debug] [2025-05-15T20:43:13.302Z] ExitPromptError: User force closed the prompt with SIGINT
    at Interface.sigint (/opt/homebrew/lib/node_modules/firebase-tools/node_modules/@inquirer/core/dist/commonjs/lib/create-prompt.js:100:37)
    at Interface.emit (node:events:513:28)
    at Interface.emit (node:domain:489:12)
    at [_ttyWrite] [as _ttyWrite] (node:internal/readline/interface:1125:18)
    at ReadStream.onkeypress (node:internal/readline/interface:264:20)
    at ReadStream.emit (node:events:525:35)
    at ReadStream.emit (node:domain:489:12)
    at emitKeys (node:internal/readline/utils:370:14)
    at emitKeys.next (<anonymous>)
    at ReadStream.onData (node:internal/readline/emitKeypressEvents:64:36)
[error] 
[error] Error: An unexpected error has occurred.
